<component name="libraryTable">
  <library name="junit-jupiter-5.4.0-sources">
    <CLASSES>
      <root url="jar://$PROJECT_DIR$/junit-jupiter-5.4.0-sources.jar!/" />
    </CLASSES>
    <JAVADOC />
    <SOURCES />
  </library>
</component>